<?xml version="1.0" encoding="utf-8"?><testsuites name="pytest tests"><testsuite name="pytest" errors="0" failures="0" skipped="0" tests="2" time="808.649" timestamp="2026-07-17T19:21:47.359055+00:00" hostname="box.yobl.in"><testcase classname="tests.cluster.vllm.test_snowball_backend_parity" name="test_snowball_backend_matches_representative_goldens[levanter-gpu]" time="535.045" /><testcase classname="tests.cluster.vllm.test_snowball_backend_parity" name="test_snowball_backend_matches_representative_goldens[vllm-gpu]" time="273.298" /></testsuite></testsuites>